<?xml version="1.0" encoding="UTF-8"?>
<testng-results ignored="0" total="1" passed="1" failed="0" skipped="0">
  <reporter-output>
  </reporter-output>
  <suite started-at="2020-02-15T09:59:44 IST" name="Suite" finished-at="2020-02-15T10:00:09 IST" duration-ms="24191">
    <groups>
    </groups>
    <test started-at="2020-02-15T09:59:44 IST" name="Test" finished-at="2020-02-15T10:00:09 IST" duration-ms="24191">
      <class name="com.robinsinghdevgan.tests.adactinhotelapp.E2ETest">
        <test-method is-config="true" signature="beforeSuite()[pri:0, instance:com.robinsinghdevgan.tests.adactinhotelapp.E2ETest@6bca7e0d]" started-at="2020-02-15T09:59:38 IST" name="beforeSuite" finished-at="2020-02-15T09:59:44 IST" duration-ms="6621" status="PASS">
          <reporter-output>
          </reporter-output>
        </test-method> <!-- beforeSuite -->
        <test-method is-config="true" signature="beforeTest()[pri:0, instance:com.robinsinghdevgan.tests.adactinhotelapp.E2ETest@6bca7e0d]" started-at="2020-02-15T09:59:44 IST" name="beforeTest" finished-at="2020-02-15T09:59:44 IST" duration-ms="0" status="PASS">
          <reporter-output>
          </reporter-output>
        </test-method> <!-- beforeTest -->
        <test-method signature="searchAndBookHotel(java.lang.String, java.lang.String, java.lang.String, java.lang.String, java.lang.String, java.lang.String, java.lang.String, java.lang.String)[pri:0, instance:com.robinsinghdevgan.tests.adactinhotelapp.E2ETest@6bca7e0d]" started-at="2020-02-15T09:59:45 IST" name="searchAndBookHotel" data-provider="createRandomData" finished-at="2020-02-15T10:00:09 IST" duration-ms="23603" status="PASS">
          <params>
            <param index="0">
              <value>
                <![CDATA[15/02/2020]]>
              </value>
            </param>
            <param index="1">
              <value>
                <![CDATA[20/02/2020]]>
              </value>
            </param>
            <param index="2">
              <value>
                <![CDATA[Ismael]]>
              </value>
            </param>
            <param index="3">
              <value>
                <![CDATA[Emmerich]]>
              </value>
            </param>
            <param index="4">
              <value>
                <![CDATA[Apt. 174 73821 Ardella Run, East Kerry, RI 54894-7009]]>
              </value>
            </param>
            <param index="5">
              <value>
                <![CDATA[1228122112211431]]>
              </value>
            </param>
            <param index="6">
              <value>
                <![CDATA[869]]>
              </value>
            </param>
            <param index="7">
              <value>
                <![CDATA[2022]]>
              </value>
            </param>
          </params>
          <reporter-output>
          </reporter-output>
        </test-method> <!-- searchAndBookHotel -->
        <test-method is-config="true" signature="afterSuite()[pri:0, instance:com.robinsinghdevgan.tests.adactinhotelapp.E2ETest@6bca7e0d]" started-at="2020-02-15T10:00:10 IST" name="afterSuite" finished-at="2020-02-15T10:00:14 IST" duration-ms="3921" status="PASS">
          <reporter-output>
          </reporter-output>
        </test-method> <!-- afterSuite -->
      </class> <!-- com.robinsinghdevgan.tests.adactinhotelapp.E2ETest -->
    </test> <!-- Test -->
  </suite> <!-- Suite -->
</testng-results>
