<?xml version="1.0" encoding="UTF-8"?>
<testng-results ignored="0" total="1" passed="1" failed="0" skipped="0">
  <reporter-output>
  </reporter-output>
  <suite started-at="2020-01-19T18:49:30 IST" name="Default suite" finished-at="2020-01-19T18:50:14 IST" duration-ms="44253">
    <groups>
    </groups>
    <test started-at="2020-01-19T18:49:30 IST" name="Default test" finished-at="2020-01-19T18:50:14 IST" duration-ms="44253">
      <class name="com.robinsinghdevgan.FlipkartTests.SearchAddtoCartTest">
        <test-method is-config="true" signature="setup()[pri:0, instance:com.robinsinghdevgan.FlipkartTests.SearchAddtoCartTest@3c22fc4c]" started-at="2020-01-19T18:49:30 IST" name="setup" finished-at="2020-01-19T18:50:02 IST" duration-ms="31967" status="PASS">
          <reporter-output>
          </reporter-output>
        </test-method> <!-- setup -->
        <test-method signature="f(java.lang.String, java.lang.String, java.lang.String)[pri:0, instance:com.robinsinghdevgan.FlipkartTests.SearchAddtoCartTest@3c22fc4c]" started-at="2020-01-19T18:50:03 IST" name="f" data-provider="getTestData" finished-at="2020-01-19T18:50:14 IST" duration-ms="11420" status="PASS">
          <params>
            <param index="0">
              <value>
                <![CDATA[Smartphone]]>
              </value>
            </param>
            <param index="1">
              <value>
                <![CDATA[NEW]]>
              </value>
            </param>
            <param index="2">
              <value>
                <![CDATA[Realme]]>
              </value>
            </param>
          </params>
          <reporter-output>
          </reporter-output>
        </test-method> <!-- f -->
      </class> <!-- com.robinsinghdevgan.FlipkartTests.SearchAddtoCartTest -->
    </test> <!-- Default test -->
  </suite> <!-- Default suite -->
</testng-results>
